2022-02-24 00:01:50.363 EET [21236] LOG:  starting PostgreSQL 14.2 on aarch64-apple-darwin20.6.0, compiled by Apple clang version 12.0.5 (clang-1205.0.22.9), 64-bit
2022-02-24 00:01:50.365 EET [21236] LOG:  listening on IPv6 address "::1", port 5432
2022-02-24 00:01:50.365 EET [21236] LOG:  listening on IPv4 address "127.0.0.1", port 5432
2022-02-24 00:01:50.365 EET [21236] LOG:  listening on Unix socket "/tmp/.s.PGSQL.5432"
2022-02-24 00:01:50.367 EET [21237] LOG:  database system was shut down at 2022-02-24 00:01:50 EET
2022-02-24 00:01:50.370 EET [21236] LOG:  database system is ready to accept connections
2022-02-24 00:07:58.729 EET [21539] FATAL:  database "e-commerce" does not exist
2022-02-24 00:08:19.182 EET [21543] FATAL:  database "e-commerce" does not exist
2022-02-24 00:52:28.552 EET [22373] FATAL:  database "e-commerce" does not exist
2022-02-24 00:53:10.085 EET [22386] LOG:  invalid length of startup packet
2022-02-24 00:53:10.091 EET [22387] LOG:  invalid length of startup packet
2022-02-24 00:53:10.093 EET [22388] LOG:  invalid length of startup packet
2022-02-24 00:53:24.464 EET [21236] LOG:  received fast shutdown request
2022-02-24 00:53:24.464 EET [21236] LOG:  aborting any active transactions
2022-02-24 00:53:24.465 EET [21236] LOG:  background worker "logical replication launcher" (PID 21243) exited with exit code 1
2022-02-24 00:53:24.466 EET [21238] LOG:  shutting down
2022-02-24 00:53:24.479 EET [21236] LOG:  database system is shut down
2022-02-24 00:54:22.769 EET [22413] LOG:  starting PostgreSQL 14.2 on aarch64-apple-darwin20.6.0, compiled by Apple clang version 12.0.5 (clang-1205.0.22.9), 64-bit
2022-02-24 00:54:22.771 EET [22413] LOG:  listening on IPv6 address "::1", port 5432
2022-02-24 00:54:22.771 EET [22413] LOG:  listening on IPv4 address "127.0.0.1", port 5432
2022-02-24 00:54:22.771 EET [22413] LOG:  listening on Unix socket "/tmp/.s.PGSQL.5432"
2022-02-24 00:54:22.775 EET [22414] LOG:  database system was shut down at 2022-02-24 00:53:24 EET
2022-02-24 00:54:22.778 EET [22413] LOG:  database system is ready to accept connections
2022-02-24 00:54:34.038 EET [22433] LOG:  invalid length of startup packet
2022-02-24 00:54:34.039 EET [22434] LOG:  invalid length of startup packet
2022-02-24 00:54:34.042 EET [22435] LOG:  invalid length of startup packet
2022-02-24 00:54:35.068 EET [22437] LOG:  invalid length of startup packet
2022-02-24 00:54:35.069 EET [22438] LOG:  invalid length of startup packet
2022-02-24 00:54:35.071 EET [22439] LOG:  invalid length of startup packet
2022-02-24 00:54:35.133 EET [22441] LOG:  invalid length of startup packet
2022-02-24 00:54:35.134 EET [22442] LOG:  invalid length of startup packet
2022-02-24 00:54:35.136 EET [22443] LOG:  invalid length of startup packet
2022-02-24 00:55:26.134 EET [22927] LOG:  invalid length of startup packet
2022-02-24 00:55:26.135 EET [22928] LOG:  invalid length of startup packet
2022-02-24 00:55:26.137 EET [22929] LOG:  invalid length of startup packet
2022-02-24 00:55:45.458 EET [22943] LOG:  invalid length of startup packet
2022-02-24 00:55:45.459 EET [22944] LOG:  invalid length of startup packet
2022-02-24 00:55:45.461 EET [22945] LOG:  invalid length of startup packet
2022-02-24 00:55:46.519 EET [22949] LOG:  invalid length of startup packet
2022-02-24 00:55:46.520 EET [22950] LOG:  invalid length of startup packet
2022-02-24 00:55:46.523 EET [22951] LOG:  invalid length of startup packet
2022-02-24 00:56:01.841 EET [22413] LOG:  received fast shutdown request
2022-02-24 00:56:01.841 EET [22413] LOG:  aborting any active transactions
2022-02-24 00:56:01.843 EET [22413] LOG:  background worker "logical replication launcher" (PID 22420) exited with exit code 1
2022-02-24 00:56:01.843 EET [22415] LOG:  shutting down
2022-02-24 00:56:01.854 EET [22413] LOG:  database system is shut down
